kernel_name = _Z5plot2PKfS0_PfS1_S1_i 
kernel_launch_uid = 1 

Kernel Average Power Data:
kernel_avg_power = 97.2983
gpu_avg_IBP, = 0.020619
gpu_avg_ICP, = 0.37849
gpu_avg_DCP, = 1.1064
gpu_avg_TCP, = 0
gpu_avg_CCP, = 0.927417
gpu_avg_SHRDP, = 0
gpu_avg_RFP, = 6.41366
gpu_avg_SPP, = 2.88476
gpu_avg_SFUP, = 0.75232
gpu_avg_FPUP, = 20.4364
gpu_avg_SCHEDP, = 0.299817
gpu_avg_L2CP, = 1.86729
gpu_avg_MCP, = 3.66223
gpu_avg_NOCP, = 7.10076
gpu_avg_DRAMP, = 34.6092
gpu_avg_PIPEP, = 6.91333
gpu_avg_IDLE_COREP, = 0.101937
gpu_avg_CONST_DYNAMICP = 9.82366
gpu_avg_TOT_INST, = 4075.11
gpu_avg_FP_INT, = 3901.56
gpu_avg_IC_H, = 2080.83
gpu_avg_IC_M, = 63.7778
gpu_avg_DC_RH, = 0
gpu_avg_DC_RM, = 347.333
gpu_avg_DC_WH, = 0
gpu_avg_DC_WM, = 86.1667
gpu_avg_TC_H, = 0
gpu_avg_TC_M, = 0
gpu_avg_CC_H, = 493.944
gpu_avg_CC_M, = 26.6667
gpu_avg_SHRD_ACC, = 0
gpu_avg_REG_RD, = 160725
gpu_avg_REG_WR, = 103077
gpu_avg_NON_REG_OPs, = 52752
gpu_avg_SP_ACC, = 764644
gpu_avg_SFU_ACC, = 11113.8
gpu_avg_FPU_ACC, = 493492
gpu_avg_MEM_RD, = 863.111
gpu_avg_MEM_WR, = 168.611
gpu_avg_MEM_PRE, = 62.1667
gpu_avg_L2_RH, = 3.11111
gpu_avg_L2_RM, = 347.556
gpu_avg_L2_WH, = 0
gpu_avg_L2_WM, = 85.8333
gpu_avg_NOC_A, = 2616.33
gpu_avg_PIPE_A, = 0.271518
gpu_avg_IDLE_CORE_N, = 0.0641111
gpu_avg_CONST_DYNAMICN = 0

Kernel Maximum Power Data:
kernel_max_power = 159.166
gpu_max_IBP, = 0.0319574
gpu_max_ICP, = 0.418313
gpu_max_DCP, = 1.75473
gpu_max_TCP, = 0
gpu_max_CCP, = 1.0271
gpu_max_SHRDP, = 0
gpu_max_RFP, = 9.87833
gpu_max_SPP, = 1.7294
gpu_max_SFUP, = 0
gpu_max_FPUP, = 58.6921
gpu_max_SCHEDP, = 0.467835
gpu_max_L2CP, = 2.15029
gpu_max_MCP, = 4.23746
gpu_max_NOCP, = 12.8916
gpu_max_DRAMP, = 44.5001
gpu_max_PIPEP, = 11.563
gpu_max_IDLE_COREP, = 0
gpu_max_CONST_DYNAMICP = 9.82366
gpu_max_TOT_INST, = 6316
gpu_max_FP_INT, = 6088
gpu_max_IC_H, = 3274
gpu_max_IC_M, = 42
gpu_max_DC_RH, = 0
gpu_max_DC_RM, = 469
gpu_max_DC_WH, = 0
gpu_max_DC_WM, = 221
gpu_max_TC_H, = 0
gpu_max_TC_M, = 0
gpu_max_CC_H, = 568
gpu_max_CC_M, = 0
gpu_max_SHRD_ACC, = 0
gpu_max_REG_RD, = 301536
gpu_max_REG_WR, = 181920
gpu_max_NON_REG_OPs, = 71232
gpu_max_SP_ACC, = 458400
gpu_max_SFU_ACC, = 0
gpu_max_FPU_ACC, = 1.41728e+06
gpu_max_MEM_RD, = 1225
gpu_max_MEM_WR, = 16
gpu_max_MEM_PRE, = 57
gpu_max_L2_RH, = 6
gpu_max_L2_RM, = 605
gpu_max_L2_WH, = 0
gpu_max_L2_WM, = 97
gpu_max_NOC_A, = 4750
gpu_max_PIPE_A, = 0.454133
gpu_max_IDLE_CORE_N, = 0
gpu_max_CONST_DYNAMICN = 0

Kernel Minimum Power Data:
kernel_min_power = 43.5441
gpu_min_IBP, = 0.0263815
gpu_min_ICP, = 1.68983
gpu_min_DCP, = 0
gpu_min_TCP, = 0
gpu_min_CCP, = 0.61485
gpu_min_SHRDP, = 0
gpu_min_RFP, = 7.98098
gpu_min_SPP, = 8.51419
gpu_min_SFUP, = 0
gpu_min_FPUP, = 6.81019
gpu_min_SCHEDP, = 0.363556
gpu_min_L2CP, = 0.0552645
gpu_min_MCP, = 1.31143
gpu_min_NOCP, = 0.284971
gpu_min_DRAMP, = 0.0715829
gpu_min_PIPEP, = 5.94956
gpu_min_IDLE_COREP, = 0.0476996
gpu_min_CONST_DYNAMICP = 9.82366
gpu_min_TOT_INST, = 5214
gpu_min_FP_INT, = 4731
gpu_min_IC_H, = 2613
gpu_min_IC_M, = 480
gpu_min_DC_RH, = 0
gpu_min_DC_RM, = 0
gpu_min_DC_WH, = 0
gpu_min_DC_WM, = 0
gpu_min_TC_H, = 0
gpu_min_TC_M, = 0
gpu_min_CC_H, = 0
gpu_min_CC_M, = 479
gpu_min_SHRD_ACC, = 0
gpu_min_REG_RD, = 88800
gpu_min_REG_WR, = 89376
gpu_min_NON_REG_OPs, = 85280
gpu_min_SP_ACC, = 2.2568e+06
gpu_min_SFU_ACC, = 0
gpu_min_FPU_ACC, = 164450
gpu_min_MEM_RD, = 2
gpu_min_MEM_WR, = 0
gpu_min_MEM_PRE, = 0
gpu_min_L2_RH, = 14
gpu_min_L2_RM, = 2
gpu_min_L2_WH, = 0
gpu_min_L2_WM, = 0
gpu_min_NOC_A, = 105
gpu_min_PIPE_A, = 0.233667
gpu_min_IDLE_CORE_N, = 0.0299997
gpu_min_CONST_DYNAMICN = 0

Accumulative Power Statistics Over Previous Kernels:
gpu_tot_avg_power = 97.2983
gpu_tot_max_power = 159.166
gpu_tot_min_power = 43.5441


