kernel_name = _Z5plot2PKfS0_PfS1_S1_i 
kernel_launch_uid = 1 

Kernel Average Power Data:
kernel_avg_power = 96.4213
gpu_avg_IBP, = 0.0220749
gpu_avg_ICP, = 0.436679
gpu_avg_DCP, = 1.04974
gpu_avg_TCP, = 0
gpu_avg_CCP, = 0.879747
gpu_avg_SHRDP, = 0
gpu_avg_RFP, = 6.42764
gpu_avg_SPP, = 2.73484
gpu_avg_SFUP, = 0.712724
gpu_avg_FPUP, = 20.5462
gpu_avg_SCHEDP, = 0.322581
gpu_avg_L2CP, = 1.78741
gpu_avg_MCP, = 3.5511
gpu_avg_NOCP, = 6.75661
gpu_avg_DRAMP, = 33.3621
gpu_avg_PIPEP, = 7.40481
gpu_avg_IDLE_COREP, = 0.603363
gpu_avg_CONST_DYNAMICP = 9.82366
gpu_avg_TOT_INST, = 4362.84
gpu_avg_FP_INT, = 4197.79
gpu_avg_IC_H, = 2222.68
gpu_avg_IC_M, = 78.7895
gpu_avg_DC_RH, = 0
gpu_avg_DC_RM, = 329.053
gpu_avg_DC_WH, = 0
gpu_avg_DC_WM, = 82.2632
gpu_avg_TC_H, = 0
gpu_avg_TC_M, = 0
gpu_avg_CC_H, = 468.579
gpu_avg_CC_M, = 25.2632
gpu_avg_SHRD_ACC, = 0
gpu_avg_REG_RD, = 192217
gpu_avg_REG_WR, = 113755
gpu_avg_NON_REG_OPs, = 47417.3
gpu_avg_SP_ACC, = 724905
gpu_avg_SFU_ACC, = 10528.8
gpu_avg_FPU_ACC, = 496143
gpu_avg_MEM_RD, = 822.421
gpu_avg_MEM_WR, = 163.842
gpu_avg_MEM_PRE, = 113.474
gpu_avg_L2_RH, = 3.68421
gpu_avg_L2_RM, = 329.316
gpu_avg_L2_WH, = 0
gpu_avg_L2_WM, = 82.0526
gpu_avg_NOC_A, = 2489.53
gpu_avg_PIPE_A, = 0.290821
gpu_avg_IDLE_CORE_N, = 0.379474
gpu_avg_CONST_DYNAMICN = 0

Kernel Maximum Power Data:
kernel_max_power = 164.879
gpu_max_IBP, = 0.0368704
gpu_max_ICP, = 0.973613
gpu_max_DCP, = 1.74738
gpu_max_TCP, = 0
gpu_max_CCP, = 0.479193
gpu_max_SHRDP, = 0
gpu_max_RFP, = 9.64375
gpu_max_SPP, = 0.772646
gpu_max_SFUP, = 0
gpu_max_FPUP, = 67.5125
gpu_max_SCHEDP, = 0.556054
gpu_max_L2CP, = 0.143269
gpu_max_MCP, = 4.06536
gpu_max_NOCP, = 11.2957
gpu_max_DRAMP, = 45.5158
gpu_max_PIPEP, = 12.3133
gpu_max_IDLE_COREP, = 0
gpu_max_CONST_DYNAMICP = 9.82366
gpu_max_TOT_INST, = 7287
gpu_max_FP_INT, = 7236
gpu_max_IC_H, = 3679
gpu_max_IC_M, = 213
gpu_max_DC_RH, = 0
gpu_max_DC_RM, = 636
gpu_max_DC_WH, = 0
gpu_max_DC_WM, = 46
gpu_max_TC_H, = 0
gpu_max_TC_M, = 0
gpu_max_CC_H, = 265
gpu_max_CC_M, = 0
gpu_max_SHRD_ACC, = 0
gpu_max_REG_RD, = 429120
gpu_max_REG_WR, = 218368
gpu_max_NON_REG_OPs, = 46464
gpu_max_SP_ACC, = 204800
gpu_max_SFU_ACC, = 0
gpu_max_FPU_ACC, = 1.63027e+06
gpu_max_MEM_RD, = 1251
gpu_max_MEM_WR, = 0
gpu_max_MEM_PRE, = 125
gpu_max_L2_RH, = 12
gpu_max_L2_RM, = 673
gpu_max_L2_WH, = 0
gpu_max_L2_WM, = 0
gpu_max_NOC_A, = 4162
gpu_max_PIPE_A, = 0.4836
gpu_max_IDLE_CORE_N, = 0
gpu_max_CONST_DYNAMICN = 0

Kernel Minimum Power Data:
kernel_min_power = 35.6321
gpu_min_IBP, = 0.00133071
gpu_min_ICP, = 0.0123443
gpu_min_DCP, = 0.0425126
gpu_min_TCP, = 0
gpu_min_CCP, = 0.0307407
gpu_min_SHRDP, = 0
gpu_min_RFP, = 0.316516
gpu_min_SPP, = 0.0513085
gpu_min_SFUP, = 0
gpu_min_FPUP, = 2.06219
gpu_min_SCHEDP, = 0.0190577
gpu_min_L2CP, = 0.736906
gpu_min_MCP, = 1.85481
gpu_min_NOCP, = 0.526518
gpu_min_DRAMP, = 8.78314
gpu_min_PIPEP, = 0.517723
gpu_min_IDLE_COREP, = 10.8533
gpu_min_CONST_DYNAMICP = 9.82366
gpu_min_TOT_INST, = 263
gpu_min_FP_INT, = 248
gpu_min_IC_H, = 139
gpu_min_IC_M, = 0
gpu_min_DC_RH, = 0
gpu_min_DC_RM, = 2
gpu_min_DC_WH, = 0
gpu_min_DC_WM, = 15
gpu_min_TC_H, = 0
gpu_min_TC_M, = 0
gpu_min_CC_H, = 17
gpu_min_CC_M, = 0
gpu_min_SHRD_ACC, = 0
gpu_min_REG_RD, = 16608
gpu_min_REG_WR, = 8256
gpu_min_NON_REG_OPs, = 1056
gpu_min_SP_ACC, = 13600
gpu_min_SFU_ACC, = 0
gpu_min_FPU_ACC, = 49797
gpu_min_MEM_RD, = 164
gpu_min_MEM_WR, = 144
gpu_min_MEM_PRE, = 9
gpu_min_L2_RH, = 0
gpu_min_L2_RM, = 5
gpu_min_L2_WH, = 0
gpu_min_L2_WM, = 35
gpu_min_NOC_A, = 194
gpu_min_PIPE_A, = 0.0203334
gpu_min_IDLE_CORE_N, = 6.826
gpu_min_CONST_DYNAMICN = 0

Accumulative Power Statistics Over Previous Kernels:
gpu_tot_avg_power = 96.4213
gpu_tot_max_power = 164.879
gpu_tot_min_power = 35.6321


