kernel_name = _Z5plot1PKfS0_PfS1_i 
kernel_launch_uid = 1 

Kernel Average Power Data:
kernel_avg_power = 76.7335
gpu_avg_IBP, = 0.0204851
gpu_avg_ICP, = 0.412926
gpu_avg_DCP, = 0.937207
gpu_avg_TCP, = 0
gpu_avg_CCP, = 0.816992
gpu_avg_SHRDP, = 0
gpu_avg_RFP, = 6.63453
gpu_avg_SPP, = 2.77914
gpu_avg_SFUP, = 0.796574
gpu_avg_FPUP, = 4.48358
gpu_avg_SCHEDP, = 0.296945
gpu_avg_L2CP, = 1.98627
gpu_avg_MCP, = 3.40424
gpu_avg_NOCP, = 6.04091
gpu_avg_DRAMP, = 30.2015
gpu_avg_PIPEP, = 6.87137
gpu_avg_IDLE_COREP, = 1.22711
gpu_avg_CONST_DYNAMICP = 9.82366
gpu_avg_TOT_INST, = 4048.65
gpu_avg_FP_INT, = 3864.18
gpu_avg_IC_H, = 2024.47
gpu_avg_IC_M, = 76.7647
gpu_avg_DC_RH, = 0
gpu_avg_DC_RM, = 275.824
gpu_avg_DC_WH, = 0
gpu_avg_DC_WM, = 91.9412
gpu_avg_TC_H, = 0
gpu_avg_TC_M, = 0
gpu_avg_CC_H, = 431.765
gpu_avg_CC_M, = 28.2353
gpu_avg_SHRD_ACC, = 0
gpu_avg_REG_RD, = 158931
gpu_avg_REG_WR, = 103400
gpu_avg_NON_REG_OPs, = 55937.9
gpu_avg_SP_ACC, = 736647
gpu_avg_SFU_ACC, = 11767.5
gpu_avg_FPU_ACC, = 108268
gpu_avg_MEM_RD, = 735.882
gpu_avg_MEM_WR, = 183.824
gpu_avg_MEM_PRE, = 35.8235
gpu_avg_L2_RH, = 3.29412
gpu_avg_L2_RM, = 276.059
gpu_avg_L2_WH, = 0
gpu_avg_L2_WM, = 91.9412
gpu_avg_NOC_A, = 2225.82
gpu_avg_PIPE_A, = 0.269871
gpu_avg_IDLE_CORE_N, = 0.771765
gpu_avg_CONST_DYNAMICN = 0

Kernel Maximum Power Data:
kernel_max_power = 123.522
gpu_max_IBP, = 0.044718
gpu_max_ICP, = 0.392621
gpu_max_DCP, = 1.73987
gpu_max_TCP, = 0
gpu_max_CCP, = 1.40865
gpu_max_SHRDP, = 0
gpu_max_RFP, = 14.5626
gpu_max_SPP, = 4.15297
gpu_max_SFUP, = 1.08308
gpu_max_FPUP, = 11.4532
gpu_max_SCHEDP, = 0.646962
gpu_max_L2CP, = 2.42381
gpu_max_MCP, = 4.30355
gpu_max_NOCP, = 12.3895
gpu_max_DRAMP, = 43.2848
gpu_max_PIPEP, = 15.8117
gpu_max_IDLE_COREP, = 0
gpu_max_CONST_DYNAMICP = 9.82366
gpu_max_TOT_INST, = 8838
gpu_max_FP_INT, = 8419
gpu_max_IC_H, = 4421
gpu_max_IC_M, = 0
gpu_max_DC_RH, = 0
gpu_max_DC_RM, = 404
gpu_max_DC_WH, = 0
gpu_max_DC_WM, = 282
gpu_max_TC_H, = 0
gpu_max_TC_M, = 0
gpu_max_CC_H, = 779
gpu_max_CC_M, = 0
gpu_max_SHRD_ACC, = 0
gpu_max_REG_RD, = 388064
gpu_max_REG_WR, = 246496
gpu_max_NON_REG_OPs, = 115200
gpu_max_SP_ACC, = 1.1008e+06
gpu_max_SFU_ACC, = 16000
gpu_max_FPU_ACC, = 276567
gpu_max_MEM_RD, = 1161
gpu_max_MEM_WR, = 60
gpu_max_MEM_PRE, = 91
gpu_max_L2_RH, = 0
gpu_max_L2_RM, = 476
gpu_max_L2_WH, = 0
gpu_max_L2_WM, = 112
gpu_max_NOC_A, = 4565
gpu_max_PIPE_A, = 0.621001
gpu_max_IDLE_CORE_N, = 0
gpu_max_CONST_DYNAMICN = 0

Kernel Minimum Power Data:
kernel_min_power = 38.0031
gpu_min_IBP, = 7.08365e-05
gpu_min_ICP, = 0.000621658
gpu_min_DCP, = 0.00249188
gpu_min_TCP, = 0
gpu_min_CCP, = 0.00180827
gpu_min_SHRDP, = 0
gpu_min_RFP, = 0.0231156
gpu_min_SPP, = 0.00301815
gpu_min_SFUP, = 0
gpu_min_FPUP, = 0.0210787
gpu_min_SCHEDP, = 0.000998992
gpu_min_L2CP, = 0.0422109
gpu_min_MCP, = 1.75109
gpu_min_NOCP, = 0.217121
gpu_min_DRAMP, = 7.60476
gpu_min_PIPEP, = 0.0288566
gpu_min_IDLE_COREP, = 18.4822
gpu_min_CONST_DYNAMICP = 9.82366
gpu_min_TOT_INST, = 14
gpu_min_FP_INT, = 13
gpu_min_IC_H, = 7
gpu_min_IC_M, = 0
gpu_min_DC_RH, = 0
gpu_min_DC_RM, = 0
gpu_min_DC_WH, = 0
gpu_min_DC_WM, = 1
gpu_min_TC_H, = 0
gpu_min_TC_M, = 0
gpu_min_CC_H, = 1
gpu_min_CC_M, = 0
gpu_min_SHRD_ACC, = 0
gpu_min_REG_RD, = 736
gpu_min_REG_WR, = 448
gpu_min_NON_REG_OPs, = 160
gpu_min_SP_ACC, = 800
gpu_min_SFU_ACC, = 0
gpu_min_FPU_ACC, = 509
gpu_min_MEM_RD, = 142
gpu_min_MEM_WR, = 127
gpu_min_MEM_PRE, = 0
gpu_min_L2_RH, = 0
gpu_min_L2_RM, = 1
gpu_min_L2_WH, = 0
gpu_min_L2_WM, = 2
gpu_min_NOC_A, = 80
gpu_min_PIPE_A, = 0.00113333
gpu_min_IDLE_CORE_N, = 11.624
gpu_min_CONST_DYNAMICN = 0

Accumulative Power Statistics Over Previous Kernels:
gpu_tot_avg_power = 76.7335
gpu_tot_max_power = 123.522
gpu_tot_min_power = 38.0031


