kernel_name = _Z5plot1PKfS0_PfS1_i 
kernel_launch_uid = 1 

Kernel Average Power Data:
kernel_avg_power = 85.727
gpu_avg_IBP, = 0.0276784
gpu_avg_ICP, = 0.525557
gpu_avg_DCP, = 0.99438
gpu_avg_TCP, = 0
gpu_avg_CCP, = 0.867376
gpu_avg_SHRDP, = 0
gpu_avg_RFP, = 7.9465
gpu_avg_SPP, = 2.9517
gpu_avg_SFUP, = 0.84636
gpu_avg_FPUP, = 7.52458
gpu_avg_SCHEDP, = 0.405336
gpu_avg_L2CP, = 2.09282
gpu_avg_MCP, = 3.52929
gpu_avg_NOCP, = 6.42186
gpu_avg_DRAMP, = 32.1342
gpu_avg_PIPEP, = 9.26902
gpu_avg_IDLE_COREP, = 0.366694
gpu_avg_CONST_DYNAMICP = 9.82366
gpu_avg_TOT_INST, = 5470.31
gpu_avg_FP_INT, = 5274.69
gpu_avg_IC_H, = 2735.38
gpu_avg_IC_M, = 93.0625
gpu_avg_DC_RH, = 0
gpu_avg_DC_RM, = 293.062
gpu_avg_DC_WH, = 0
gpu_avg_DC_WM, = 97.125
gpu_avg_TC_H, = 0
gpu_avg_TC_M, = 0
gpu_avg_CC_H, = 458.375
gpu_avg_CC_M, = 30
gpu_avg_SHRD_ACC, = 0
gpu_avg_REG_RD, = 249912
gpu_avg_REG_WR, = 146492
gpu_avg_NON_REG_OPs, = 56278
gpu_avg_SP_ACC, = 782388
gpu_avg_SFU_ACC, = 12503
gpu_avg_FPU_ACC, = 181701
gpu_avg_MEM_RD, = 778.875
gpu_avg_MEM_WR, = 192.062
gpu_avg_MEM_PRE, = 74.6875
gpu_avg_L2_RH, = 4.375
gpu_avg_L2_RM, = 293.375
gpu_avg_L2_WH, = 0
gpu_avg_L2_WM, = 96.6875
gpu_avg_NOC_A, = 2366.19
gpu_avg_PIPE_A, = 0.364037
gpu_avg_IDLE_CORE_N, = 0.230625
gpu_avg_CONST_DYNAMICN = 0

Kernel Maximum Power Data:
kernel_max_power = 135.623
gpu_max_IBP, = 0.0546048
gpu_max_ICP, = 0.47912
gpu_max_DCP, = 2.00231
gpu_max_TCP, = 0
gpu_max_CCP, = 1.79562
gpu_max_SHRDP, = 0
gpu_max_RFP, = 15.4399
gpu_max_SPP, = 4.45479
gpu_max_SFUP, = 1.72426
gpu_max_FPUP, = 14.8829
gpu_max_SCHEDP, = 0.802113
gpu_max_L2CP, = 1.85586
gpu_max_MCP, = 4.48955
gpu_max_NOCP, = 12.1995
gpu_max_DRAMP, = 47.3779
gpu_max_PIPEP, = 18.2408
gpu_max_IDLE_COREP, = 0
gpu_max_CONST_DYNAMICP = 9.82366
gpu_max_TOT_INST, = 10792
gpu_max_FP_INT, = 10438
gpu_max_IC_H, = 5395
gpu_max_IC_M, = 0
gpu_max_DC_RH, = 0
gpu_max_DC_RM, = 646
gpu_max_DC_WH, = 0
gpu_max_DC_WM, = 138
gpu_max_TC_H, = 0
gpu_max_TC_M, = 0
gpu_max_CC_H, = 993
gpu_max_CC_M, = 0
gpu_max_SHRD_ACC, = 0
gpu_max_REG_RD, = 510464
gpu_max_REG_WR, = 290144
gpu_max_NON_REG_OPs, = 105312
gpu_max_SP_ACC, = 1.1808e+06
gpu_max_SFU_ACC, = 25472
gpu_max_FPU_ACC, = 359387
gpu_max_MEM_RD, = 1286
gpu_max_MEM_WR, = 28
gpu_max_MEM_PRE, = 134
gpu_max_L2_RH, = 0
gpu_max_L2_RM, = 623
gpu_max_L2_WH, = 0
gpu_max_L2_WM, = 84
gpu_max_NOC_A, = 4495
gpu_max_PIPE_A, = 0.7164
gpu_max_IDLE_CORE_N, = 0
gpu_max_CONST_DYNAMICN = 0

Kernel Minimum Power Data:
kernel_min_power = 38.0579
gpu_min_IBP, = 0.00501927
gpu_min_ICP, = 0.0439601
gpu_min_DCP, = 0.0847238
gpu_min_TCP, = 0
gpu_min_CCP, = 0.0596731
gpu_min_SHRDP, = 0
gpu_min_RFP, = 1.29584
gpu_min_SPP, = 0.105635
gpu_min_SFUP, = 0
gpu_min_FPUP, = 1.84444
gpu_min_SCHEDP, = 0.0736948
gpu_min_L2CP, = 0.967566
gpu_min_MCP, = 2.16744
gpu_min_NOCP, = 1.02047
gpu_min_DRAMP, = 12.9318
gpu_min_PIPEP, = 1.81457
gpu_min_IDLE_COREP, = 5.8194
gpu_min_CONST_DYNAMICP = 9.82366
gpu_min_TOT_INST, = 992
gpu_min_FP_INT, = 959
gpu_min_IC_H, = 495
gpu_min_IC_M, = 0
gpu_min_DC_RH, = 0
gpu_min_DC_RM, = 0
gpu_min_DC_WH, = 0
gpu_min_DC_WM, = 34
gpu_min_TC_H, = 0
gpu_min_TC_M, = 0
gpu_min_CC_H, = 33
gpu_min_CC_M, = 0
gpu_min_SHRD_ACC, = 0
gpu_min_REG_RD, = 55776
gpu_min_REG_WR, = 30528
gpu_min_NON_REG_OPs, = 6368
gpu_min_SP_ACC, = 28000
gpu_min_SFU_ACC, = 0
gpu_min_FPU_ACC, = 44539
gpu_min_MEM_RD, = 252
gpu_min_MEM_WR, = 194
gpu_min_MEM_PRE, = 10
gpu_min_L2_RH, = 0
gpu_min_L2_RM, = 0
gpu_min_L2_WH, = 0
gpu_min_L2_WM, = 46
gpu_min_NOC_A, = 376
gpu_min_PIPE_A, = 0.0712667
gpu_min_IDLE_CORE_N, = 3.66
gpu_min_CONST_DYNAMICN = 0

Accumulative Power Statistics Over Previous Kernels:
gpu_tot_avg_power = 85.727
gpu_tot_max_power = 135.623
gpu_tot_min_power = 38.0579


